{"C:\\Users\\clioo\\Documents\\Code\\wavify-audiobuffer\\src\\index.ts": {"path":"C:\\Users\\clioo\\Documents\\Code\\wavify-audiobuffer\\src\\index.ts","statementMap":{"0":{"start":{"line":25,"column":0},"end":{"line":25,"column":24}},"1":{"start":{"line":1,"column":0},"end":{"line":1,"column":65}},"2":{"start":{"line":3,"column":0},"end":{"line":3,"column":null}},"3":{"start":{"line":4,"column":2},"end":{"line":4,"column":null}},"4":{"start":{"line":5,"column":2},"end":{"line":5,"column":null}},"5":{"start":{"line":6,"column":2},"end":{"line":6,"column":null}},"6":{"start":{"line":9,"column":33},"end":{"line":13,"column":2}},"7":{"start":{"line":20,"column":42},"end":{"line":23,"column":2}},"8":{"start":{"line":29,"column":2},"end":{"line":31,"column":3}},"9":{"start":{"line":30,"column":4},"end":{"line":30,"column":61}},"10":{"start":{"line":33,"column":18},"end":{"line":33,"column":69}},"11":{"start":{"line":35,"column":2},"end":{"line":41,"column":4}},"12":{"start":{"line":47,"column":2},"end":{"line":47,"column":44}},"13":{"start":{"line":57,"column":25},"end":{"line":57,"column":37}},"14":{"start":{"line":58,"column":21},"end":{"line":58,"column":54}},"15":{"start":{"line":60,"column":17},"end":{"line":60,"column":70}},"16":{"start":{"line":61,"column":15},"end":{"line":61,"column":35}},"17":{"start":{"line":64,"column":2},"end":{"line":64,"column":44}},"18":{"start":{"line":66,"column":2},"end":{"line":66,"column":64}},"19":{"start":{"line":68,"column":2},"end":{"line":68,"column":44}},"20":{"start":{"line":70,"column":2},"end":{"line":70,"column":45}},"21":{"start":{"line":72,"column":2},"end":{"line":72,"column":31}},"22":{"start":{"line":74,"column":24},"end":{"line":76,"column":42}},"23":{"start":{"line":77,"column":2},"end":{"line":77,"column":42}},"24":{"start":{"line":79,"column":2},"end":{"line":79,"column":45}},"25":{"start":{"line":81,"column":2},"end":{"line":81,"column":39}},"26":{"start":{"line":83,"column":2},"end":{"line":83,"column":52}},"27":{"start":{"line":85,"column":2},"end":{"line":85,"column":39}},"28":{"start":{"line":87,"column":2},"end":{"line":87,"column":37}},"29":{"start":{"line":89,"column":2},"end":{"line":89,"column":45}},"30":{"start":{"line":91,"column":2},"end":{"line":91,"column":60}},"31":{"start":{"line":93,"column":2},"end":{"line":103,"column":3}},"32":{"start":{"line":95,"column":6},"end":{"line":95,"column":48}},"33":{"start":{"line":96,"column":6},"end":{"line":96,"column":12}},"34":{"start":{"line":98,"column":6},"end":{"line":98,"column":48}},"35":{"start":{"line":99,"column":6},"end":{"line":99,"column":12}},"36":{"start":{"line":101,"column":6},"end":{"line":101,"column":38}},"37":{"start":{"line":102,"column":6},"end":{"line":102,"column":12}},"38":{"start":{"line":105,"column":2},"end":{"line":105,"column":16}},"39":{"start":{"line":109,"column":2},"end":{"line":112,"column":4}},"40":{"start":{"line":110,"column":4},"end":{"line":110,"column":47}},"41":{"start":{"line":111,"column":4},"end":{"line":111,"column":49}},"42":{"start":{"line":116,"column":2},"end":{"line":118,"column":3}},"43":{"start":{"line":116,"column":19},"end":{"line":116,"column":20}},"44":{"start":{"line":117,"column":4},"end":{"line":117,"column":50}},"45":{"start":{"line":126,"column":22},"end":{"line":126,"column":51}},"46":{"start":{"line":128,"column":2},"end":{"line":131,"column":3}},"47":{"start":{"line":128,"column":19},"end":{"line":128,"column":20}},"48":{"start":{"line":129,"column":12},"end":{"line":129,"column":51}},"49":{"start":{"line":130,"column":4},"end":{"line":130,"column":61}},"50":{"start":{"line":139,"column":2},"end":{"line":142,"column":3}},"51":{"start":{"line":139,"column":19},"end":{"line":139,"column":20}},"52":{"start":{"line":140,"column":12},"end":{"line":140,"column":51}},"53":{"start":{"line":141,"column":4},"end":{"line":141,"column":67}},"54":{"start":{"line":150,"column":2},"end":{"line":152,"column":3}},"55":{"start":{"line":150,"column":19},"end":{"line":150,"column":20}},"56":{"start":{"line":151,"column":4},"end":{"line":151,"column":59}}},"fnMap":{"0":{"name":"(anonymous_0)","decl":{"start":{"line":3,"column":0},"end":{"line":3,"column":5}},"loc":{"start":{"line":3,"column":15},"end":{"line":7,"column":1}}},"1":{"name":"wavifyBuffer","decl":{"start":{"line":25,"column":24},"end":{"line":25,"column":36}},"loc":{"start":{"line":27,"column":45},"end":{"line":42,"column":1}}},"2":{"name":"getWaveFormatTagByBitDepth","decl":{"start":{"line":44,"column":9},"end":{"line":44,"column":35}},"loc":{"start":{"line":45,"column":49},"end":{"line":48,"column":1}}},"3":{"name":"encodeWave","decl":{"start":{"line":50,"column":9},"end":{"line":50,"column":19}},"loc":{"start":{"line":55,"column":44},"end":{"line":106,"column":1}}},"4":{"name":"setUint24LittleEndian","decl":{"start":{"line":108,"column":9},"end":{"line":108,"column":30}},"loc":{"start":{"line":108,"column":45},"end":{"line":113,"column":1}}},"5":{"name":"(anonymous_5)","decl":{"start":{"line":109,"column":9},"end":{"line":109,"column":19}},"loc":{"start":{"line":109,"column":48},"end":{"line":112,"column":3}}},"6":{"name":"writeFloat32","decl":{"start":{"line":115,"column":9},"end":{"line":115,"column":21}},"loc":{"start":{"line":115,"column":75},"end":{"line":119,"column":1}}},"7":{"name":"writeFloat32To24BitPCM","decl":{"start":{"line":121,"column":9},"end":{"line":121,"column":31}},"loc":{"start":{"line":124,"column":21},"end":{"line":132,"column":1}}},"8":{"name":"writeFloat32To16BitPCM","decl":{"start":{"line":134,"column":9},"end":{"line":134,"column":31}},"loc":{"start":{"line":137,"column":21},"end":{"line":143,"column":1}}},"9":{"name":"writeStringAsUint8Chunks","decl":{"start":{"line":145,"column":9},"end":{"line":145,"column":33}},"loc":{"start":{"line":148,"column":15},"end":{"line":153,"column":1}}}},"branchMap":{"0":{"loc":{"start":{"line":3,"column":5},"end":{"line":3,"column":null}},"type":"binary-expr","locations":[{"start":{"line":3,"column":5},"end":{"line":3,"column":15}},{"start":{"line":3,"column":5},"end":{"line":3,"column":null}}]},"1":{"loc":{"start":{"line":27,"column":2},"end":{"line":27,"column":45}},"type":"default-arg","locations":[{"start":{"line":27,"column":31},"end":{"line":27,"column":45}}]},"2":{"loc":{"start":{"line":29,"column":2},"end":{"line":31,"column":3}},"type":"if","locations":[{"start":{"line":29,"column":2},"end":{"line":31,"column":3}},{"start":{},"end":{}}]},"3":{"loc":{"start":{"line":55,"column":2},"end":{"line":55,"column":44}},"type":"default-arg","locations":[{"start":{"line":55,"column":39},"end":{"line":55,"column":44}}]},"4":{"loc":{"start":{"line":74,"column":24},"end":{"line":76,"column":42}},"type":"cond-expr","locations":[{"start":{"line":75,"column":6},"end":{"line":75,"column":39}},{"start":{"line":76,"column":6},"end":{"line":76,"column":42}}]},"5":{"loc":{"start":{"line":93,"column":2},"end":{"line":103,"column":3}},"type":"switch","locations":[{"start":{"line":94,"column":4},"end":{"line":96,"column":12}},{"start":{"line":97,"column":4},"end":{"line":99,"column":12}},{"start":{"line":100,"column":4},"end":{"line":102,"column":12}}]},"6":{"loc":{"start":{"line":130,"column":24},"end":{"line":130,"column":59}},"type":"cond-expr","locations":[{"start":{"line":130,"column":32},"end":{"line":130,"column":44}},{"start":{"line":130,"column":47},"end":{"line":130,"column":59}}]},"7":{"loc":{"start":{"line":141,"column":28},"end":{"line":141,"column":59}},"type":"cond-expr","locations":[{"start":{"line":141,"column":36},"end":{"line":141,"column":46}},{"start":{"line":141,"column":49},"end":{"line":141,"column":59}}]}},"s":{"0":1,"1":1,"2":1,"3":1,"4":1,"5":1,"6":1,"7":1,"8":2,"9":1,"10":1,"11":1,"12":1,"13":1,"14":1,"15":1,"16":1,"17":1,"18":1,"19":1,"20":1,"21":1,"22":1,"23":1,"24":1,"25":1,"26":1,"27":1,"28":1,"29":1,"30":1,"31":1,"32":1,"33":1,"34":0,"35":0,"36":0,"37":0,"38":1,"39":0,"40":0,"41":0,"42":0,"43":0,"44":0,"45":0,"46":0,"47":0,"48":0,"49":0,"50":1,"51":1,"52":1,"53":1,"54":4,"55":4,"56":16},"f":{"0":1,"1":2,"2":1,"3":1,"4":0,"5":0,"6":0,"7":0,"8":1,"9":4},"b":{"0":[1,1],"1":[2],"2":[1,1],"3":[0],"4":[0,1],"5":[1,0,0],"6":[0,0],"7":[0,1]}}
,"C:\\Users\\clioo\\Documents\\Code\\wavify-audiobuffer\\src\\utils.ts": {"path":"C:\\Users\\clioo\\Documents\\Code\\wavify-audiobuffer\\src\\utils.ts","statementMap":{"0":{"start":{"line":1,"column":54},"end":{"line":24,"column":1}},"1":{"start":{"line":4,"column":2},"end":{"line":11,"column":3}},"2":{"start":{"line":8,"column":4},"end":{"line":10,"column":6}},"3":{"start":{"line":13,"column":48},"end":{"line":13,"column":50}},"4":{"start":{"line":15,"column":2},"end":{"line":21,"column":3}},"5":{"start":{"line":16,"column":23},"end":{"line":16,"column":24}},"6":{"start":{"line":20,"column":4},"end":{"line":20,"column":60}},"7":{"start":{"line":23,"column":2},"end":{"line":23,"column":44}},"8":{"start":{"line":1,"column":13},"end":{"line":1,"column":54}},"9":{"start":{"line":27,"column":2},"end":{"line":29,"column":3}},"10":{"start":{"line":28,"column":4},"end":{"line":28,"column":23}},"11":{"start":{"line":31,"column":27},"end":{"line":31,"column":42}},"12":{"start":{"line":32,"column":24},"end":{"line":32,"column":42}},"13":{"start":{"line":34,"column":17},"end":{"line":34,"column":67}},"14":{"start":{"line":36,"column":2},"end":{"line":45,"column":3}},"15":{"start":{"line":36,"column":19},"end":{"line":36,"column":20}},"16":{"start":{"line":37,"column":4},"end":{"line":44,"column":5}},"17":{"start":{"line":38,"column":25},"end":{"line":38,"column":26}},"18":{"start":{"line":42,"column":6},"end":{"line":43,"column":38}},"19":{"start":{"line":47,"column":2},"end":{"line":47,"column":16}}},"fnMap":{"0":{"name":"(anonymous_0)","decl":{"start":{"line":1,"column":54},"end":{"line":1,"column":null}},"loc":{"start":{"line":3,"column":4},"end":{"line":24,"column":1}}},"1":{"name":"interleaveChannelData","decl":{"start":{"line":26,"column":9},"end":{"line":26,"column":30}},"loc":{"start":{"line":26,"column":58},"end":{"line":48,"column":1}}}},"branchMap":{"0":{"loc":{"start":{"line":4,"column":2},"end":{"line":11,"column":3}},"type":"if","locations":[{"start":{"line":4,"column":2},"end":{"line":11,"column":3}},{"start":{},"end":{}}]},"1":{"loc":{"start":{"line":5,"column":4},"end":{"line":6,"column":73}},"type":"binary-expr","locations":[{"start":{"line":5,"column":4},"end":{"line":5,"column":16}},{"start":{"line":6,"column":5},"end":{"line":6,"column":35}},{"start":{"line":6,"column":39},"end":{"line":6,"column":72}}]},"2":{"loc":{"start":{"line":27,"column":2},"end":{"line":29,"column":3}},"type":"if","locations":[{"start":{"line":27,"column":2},"end":{"line":29,"column":3}},{"start":{},"end":{}}]}},"s":{"0":2,"1":4,"2":1,"3":3,"4":3,"5":3,"6":4,"7":3,"8":2,"9":3,"10":2,"11":1,"12":1,"13":1,"14":1,"15":1,"16":48,"17":48,"18":96,"19":1},"f":{"0":4,"1":3},"b":{"0":[1,3],"1":[4,3,3],"2":[2,1]}}
}
