TN:
SF:src\index.ts
FN:3,(anonymous_0)
FN:23,wavifyBuffer
FN:41,getWaveFormatTagByBitDepth
FN:47,encodeWave
FN:102,setUint24LittleEndian
FN:103,(anonymous_5)
FN:109,writeFloat32
FN:115,writeFloat32To24BitPCM
FN:128,writeFloat32To16BitPCM
FN:139,writeStringAsUint8Chunks
FNF:10
FNH:6
FNDA:1,(anonymous_0)
FNDA:2,wavifyBuffer
FNDA:1,getWaveFormatTagByBitDepth
FNDA:1,encodeWave
FNDA:0,setUint24LittleEndian
FNDA:0,(anonymous_5)
FNDA:0,writeFloat32
FNDA:0,writeFloat32To24BitPCM
FNDA:1,writeFloat32To16BitPCM
FNDA:4,writeStringAsUint8Chunks
DA:1,1
DA:3,1
DA:4,1
DA:5,1
DA:6,1
DA:9,1
DA:19,1
DA:23,1
DA:27,2
DA:28,1
DA:31,1
DA:33,1
DA:44,1
DA:53,1
DA:54,1
DA:56,1
DA:57,1
DA:60,1
DA:62,1
DA:64,1
DA:66,1
DA:68,1
DA:70,1
DA:71,1
DA:73,1
DA:75,1
DA:77,1
DA:79,1
DA:81,1
DA:83,1
DA:85,1
DA:87,1
DA:89,1
DA:90,1
DA:92,0
DA:93,0
DA:95,0
DA:96,0
DA:99,1
DA:103,0
DA:104,0
DA:105,0
DA:110,0
DA:111,0
DA:120,0
DA:122,0
DA:123,0
DA:124,0
DA:133,1
DA:134,1
DA:135,1
DA:144,4
DA:145,16
LF:53
LH:40
BRDA:3,0,0,1
BRDA:3,0,1,1
BRDA:25,1,0,2
BRDA:27,2,0,1
BRDA:27,2,1,1
BRDA:87,3,0,1
BRDA:87,3,1,0
BRDA:87,3,2,0
BRDA:124,4,0,0
BRDA:124,4,1,0
BRDA:135,5,0,0
BRDA:135,5,1,1
BRF:12
BRH:7
end_of_record
TN:
SF:src\utils.ts
FN:1,(anonymous_0)
FN:26,interleaveChannelData
FNF:2
FNH:2
FNDA:4,(anonymous_0)
FNDA:3,interleaveChannelData
DA:1,2
DA:4,4
DA:8,1
DA:13,3
DA:15,3
DA:16,3
DA:20,4
DA:23,3
DA:27,3
DA:28,2
DA:31,1
DA:32,1
DA:34,1
DA:36,1
DA:37,48
DA:38,48
DA:42,96
DA:47,1
LF:18
LH:18
BRDA:4,0,0,1
BRDA:4,0,1,3
BRDA:5,1,0,4
BRDA:5,1,1,3
BRDA:5,1,2,3
BRDA:27,2,0,2
BRDA:27,2,1,1
BRF:7
BRH:7
end_of_record
