TN:
SF:src\index.ts
FN:3,(anonymous_0)
FN:25,wavifyBuffer
FN:44,getWaveFormatTagByBitDepth
FN:50,encodeWave
FN:108,setUint24LittleEndian
FN:109,(anonymous_5)
FN:115,writeFloat32
FN:121,writeFloat32To24BitPCM
FN:134,writeFloat32To16BitPCM
FN:145,writeStringAsUint8Chunks
FNF:10
FNH:6
FNDA:1,(anonymous_0)
FNDA:2,wavifyBuffer
FNDA:1,getWaveFormatTagByBitDepth
FNDA:1,encodeWave
FNDA:0,setUint24LittleEndian
FNDA:0,(anonymous_5)
FNDA:0,writeFloat32
FNDA:0,writeFloat32To24BitPCM
FNDA:1,writeFloat32To16BitPCM
FNDA:4,writeStringAsUint8Chunks
DA:1,1
DA:3,1
DA:4,1
DA:5,1
DA:6,1
DA:9,1
DA:20,1
DA:25,1
DA:29,2
DA:30,1
DA:33,1
DA:35,1
DA:47,1
DA:57,1
DA:58,1
DA:60,1
DA:61,1
DA:64,1
DA:66,1
DA:68,1
DA:70,1
DA:72,1
DA:74,1
DA:77,1
DA:79,1
DA:81,1
DA:83,1
DA:85,1
DA:87,1
DA:89,1
DA:91,1
DA:93,1
DA:95,1
DA:96,1
DA:98,0
DA:99,0
DA:101,0
DA:102,0
DA:105,1
DA:109,0
DA:110,0
DA:111,0
DA:116,0
DA:117,0
DA:126,0
DA:128,0
DA:129,0
DA:130,0
DA:139,1
DA:140,1
DA:141,1
DA:150,4
DA:151,16
LF:53
LH:40
BRDA:3,0,0,1
BRDA:3,0,1,1
BRDA:27,1,0,2
BRDA:29,2,0,1
BRDA:29,2,1,1
BRDA:55,3,0,0
BRDA:74,4,0,0
BRDA:74,4,1,1
BRDA:93,5,0,1
BRDA:93,5,1,0
BRDA:93,5,2,0
BRDA:130,6,0,0
BRDA:130,6,1,0
BRDA:141,7,0,0
BRDA:141,7,1,1
BRF:15
BRH:8
end_of_record
TN:
SF:src\utils.ts
FN:1,(anonymous_0)
FN:26,interleaveChannelData
FNF:2
FNH:2
FNDA:4,(anonymous_0)
FNDA:3,interleaveChannelData
DA:1,2
DA:4,4
DA:8,1
DA:13,3
DA:15,3
DA:16,3
DA:20,4
DA:23,3
DA:27,3
DA:28,2
DA:31,1
DA:32,1
DA:34,1
DA:36,1
DA:37,48
DA:38,48
DA:42,96
DA:47,1
LF:18
LH:18
BRDA:4,0,0,1
BRDA:4,0,1,3
BRDA:5,1,0,4
BRDA:5,1,1,3
BRDA:5,1,2,3
BRDA:27,2,0,2
BRDA:27,2,1,1
BRF:7
BRH:7
end_of_record
